Command line: /Users/cmdb/miniconda3/bin/spades.py	--pe1-1	/Users/cmdb/qbb2020-answers/qb1-week1/frag180.1.fq	--pe1-2	/Users/cmdb/qbb2020-answers/qb1-week1/frag180.2.fq	--mp1-1	/Users/cmdb/qbb2020-answers/qb1-week1/jump2k.1.fq	--mp1-2	/Users/cmdb/qbb2020-answers/qb1-week1/jump2k.2.fq	-o	/Users/cmdb/qbb2020-answers/qb1-week1/asm	-k	31	

System information:
  SPAdes version: 3.14.1
  Python version: 3.8.3
  OS: macOS-10.15.6-x86_64-i386-64bit

Output dir: /Users/cmdb/qbb2020-answers/qb1-week1/asm
Mode: read error correction and assembling
Debug mode is turned OFF

Dataset parameters:
  Standard mode
  For multi-cell/isolate data we recommend to use '--isolate' option; for single-cell MDA data use '--sc'; for metagenomic data use '--meta'; for RNA-Seq use '--rna'.
  Reads:
    Library number: 1, library type: paired-end
      orientation: fr
      left reads: ['/Users/cmdb/qbb2020-answers/qb1-week1/frag180.1.fq']
      right reads: ['/Users/cmdb/qbb2020-answers/qb1-week1/frag180.2.fq']
      interlaced reads: not specified
      single reads: not specified
      merged reads: not specified
    Library number: 2, library type: mate-pairs
      orientation: rf
      left reads: ['/Users/cmdb/qbb2020-answers/qb1-week1/jump2k.1.fq']
      right reads: ['/Users/cmdb/qbb2020-answers/qb1-week1/jump2k.2.fq']
      interlaced reads: not specified
      single reads: not specified
      merged reads: not specified
Read error correction parameters:
  Iterations: 1
  PHRED offset will be auto-detected
  Corrected reads will be compressed
Assembly parameters:
  k: [31]
  Repeat resolution is enabled
  Mismatch careful mode is turned OFF
  MismatchCorrector will be SKIPPED
  Coverage cutoff is turned OFF
Other parameters:
  Dir for temp files: /Users/cmdb/qbb2020-answers/qb1-week1/asm/tmp
  Threads: 16
  Memory limit (in Gb): 250


======= SPAdes pipeline started. Log can be found here: /Users/cmdb/qbb2020-answers/qb1-week1/asm/spades.log

/Users/cmdb/qbb2020-answers/qb1-week1/frag180.1.fq: max reads length: 100
/Users/cmdb/qbb2020-answers/qb1-week1/frag180.2.fq: max reads length: 100

Reads length: 100


===== Before start started. 


===== Read error correction started. 


===== Read error correction started. 


== Running: /Users/cmdb/miniconda3/bin/spades-hammer /Users/cmdb/qbb2020-answers/qb1-week1/asm/corrected/configs/config.info

  0:00:00.000     3M / 3M    INFO    General                 (main.cpp                  :  75)   Starting BayesHammer, built from refs/heads/pull/23796, git revision 27d2cb2ff888acc9d29b2e8b32290136a0b283e2
  0:00:00.000     3M / 3M    INFO    General                 (main.cpp                  :  76)   Loading config from /Users/cmdb/qbb2020-answers/qb1-week1/asm/corrected/configs/config.info
  0:00:00.006     3M / 3M    INFO    General                 (main.cpp                  :  78)   Maximum # of threads to use (adjusted due to OMP capabilities): 4
  0:00:00.006     3M / 3M    INFO    General                 (memory_limit.cpp          :  49)   Memory limit set to 250 Gb
  0:00:00.006     3M / 3M    INFO    General                 (main.cpp                  :  86)   Trying to determine PHRED offset
  0:00:00.006     3M / 3M    INFO    General                 (main.cpp                  :  92)   Determined value is 33
  0:00:00.006     3M / 3M    INFO    General                 (hammer_tools.cpp          :  38)   Hamming graph threshold tau=1, k=21, subkmer positions = [ 0 10 ]
  0:00:00.006     3M / 3M    INFO    General                 (main.cpp                  : 113)   Size of aux. kmer data 24 bytes
     === ITERATION 0 begins ===
  0:00:00.007     3M / 3M    INFO   K-mer Index Building     (kmer_index_builder.hpp    : 301)   Building kmer index
  0:00:00.007     3M / 3M    INFO    General                 (kmer_index_builder.hpp    : 117)   Splitting kmer instances into 64 files using 4 threads. This might take a while.
  0:00:00.007     3M / 3M    INFO    General                 (file_limit.hpp            :  32)   Open file limit set to 4096
  0:00:00.008     3M / 3M    INFO    General                 (kmer_splitters.hpp        :  89)   Memory available for splitting buffers: 20.8333 Gb
  0:00:00.008     3M / 3M    INFO    General                 (kmer_splitters.hpp        :  97)   Using cell size of 1048576
  0:00:00.008     3M / 3M    INFO   K-mer Splitting          (kmer_data.cpp             :  97)   Processing /Users/cmdb/qbb2020-answers/qb1-week1/frag180.1.fq
  0:00:00.900     4M / 53M   INFO   K-mer Splitting          (kmer_data.cpp             : 107)   Processed 35178 reads
  0:00:00.900     4M / 53M   INFO   K-mer Splitting          (kmer_data.cpp             :  97)   Processing /Users/cmdb/qbb2020-answers/qb1-week1/frag180.2.fq
  0:00:01.548     4M / 54M   INFO   K-mer Splitting          (kmer_data.cpp             : 107)   Processed 70356 reads
  0:00:01.548     4M / 54M   INFO   K-mer Splitting          (kmer_data.cpp             :  97)   Processing /Users/cmdb/qbb2020-answers/qb1-week1/jump2k.1.fq
  0:00:02.009     4M / 54M   INFO   K-mer Splitting          (kmer_data.cpp             : 107)   Processed 140711 reads
  0:00:02.010     4M / 54M   INFO   K-mer Splitting          (kmer_data.cpp             :  97)   Processing /Users/cmdb/qbb2020-answers/qb1-week1/jump2k.2.fq
  0:00:02.372     4M / 54M   INFO   K-mer Splitting          (kmer_data.cpp             : 112)   Total 211066 reads processed
  0:00:02.414     4M / 7M    INFO    General                 (kmer_index_builder.hpp    : 120)   Starting k-mer counting.
  0:00:02.773     4M / 8M    INFO    General                 (kmer_index_builder.hpp    : 127)   K-mer counting done. There are 3406316 kmers in total.
  0:00:02.773     4M / 8M    INFO    General                 (kmer_index_builder.hpp    : 133)   Merging temporary buckets.
  0:00:02.942     4M / 8M    INFO   K-mer Index Building     (kmer_index_builder.hpp    : 314)   Building perfect hash indices
  0:00:03.191     6M / 10M   INFO    General                 (kmer_index_builder.hpp    : 150)   Merging final buckets.
  0:00:03.317     6M / 10M   INFO   K-mer Index Building     (kmer_index_builder.hpp    : 336)   Index built. Total 1587704 bytes occupied (3.72885 bits per kmer).
  0:00:03.318     6M / 10M   INFO   K-mer Counting           (kmer_data.cpp             : 351)   Arranging kmers in hash map order
  0:00:03.472    62M / 62M   INFO    General                 (main.cpp                  : 148)   Clustering Hamming graph.
  0:00:08.640    62M / 62M   INFO    General                 (main.cpp                  : 155)   Extracting clusters
  0:00:09.761    90M / 90M   INFO    General                 (main.cpp                  : 167)   Clustering done. Total clusters: 711451
  0:00:09.764    62M / 63M   INFO   K-mer Counting           (kmer_data.cpp             : 371)   Collecting K-mer information, this takes a while.
  0:00:09.826   142M / 142M  INFO   K-mer Counting           (kmer_data.cpp             : 377)   Processing /Users/cmdb/qbb2020-answers/qb1-week1/frag180.1.fq
  0:00:10.780   141M / 141M  INFO   K-mer Counting           (kmer_data.cpp             : 377)   Processing /Users/cmdb/qbb2020-answers/qb1-week1/frag180.2.fq
  0:00:11.614   140M / 140M  INFO   K-mer Counting           (kmer_data.cpp             : 377)   Processing /Users/cmdb/qbb2020-answers/qb1-week1/jump2k.1.fq
  0:00:12.249   139M / 139M  INFO   K-mer Counting           (kmer_data.cpp             : 377)   Processing /Users/cmdb/qbb2020-answers/qb1-week1/jump2k.2.fq
  0:00:12.888   136M / 136M  INFO   K-mer Counting           (kmer_data.cpp             : 384)   Collection done, postprocessing.
  0:00:12.898   136M / 136M  INFO   K-mer Counting           (kmer_data.cpp             : 398)   There are 3406316 kmers in total. Among them 2816716 (82.691%) are singletons.
  0:00:12.898   136M / 136M  INFO    General                 (main.cpp                  : 173)   Subclustering Hamming graph
  0:00:14.320   131M / 136M  INFO   Hamming Subclustering    (kmer_cluster.cpp          : 649)   Subclustering done. Total 0 non-read kmers were generated.
  0:00:14.320   131M / 136M  INFO   Hamming Subclustering    (kmer_cluster.cpp          : 650)   Subclustering statistics:
  0:00:14.320   131M / 136M  INFO   Hamming Subclustering    (kmer_cluster.cpp          : 651)     Total singleton hamming clusters: 244614. Among them 1300 (0.53145%) are good
  0:00:14.320   131M / 136M  INFO   Hamming Subclustering    (kmer_cluster.cpp          : 652)     Total singleton subclusters: 0. Among them 0 (nan%) are good
  0:00:14.320   131M / 136M  INFO   Hamming Subclustering    (kmer_cluster.cpp          : 653)     Total non-singleton subcluster centers: 467466. Among them 461021 (98.6213%) are good
  0:00:14.320   131M / 136M  INFO   Hamming Subclustering    (kmer_cluster.cpp          : 654)     Average size of non-trivial subcluster: 6.76349 kmers
  0:00:14.320   131M / 136M  INFO   Hamming Subclustering    (kmer_cluster.cpp          : 655)     Average number of sub-clusters per non-singleton cluster: 1.00135
  0:00:14.321   131M / 136M  INFO   Hamming Subclustering    (kmer_cluster.cpp          : 656)     Total solid k-mers: 462321
  0:00:14.321   131M / 136M  INFO   Hamming Subclustering    (kmer_cluster.cpp          : 657)     Substitution probabilities: [4,4]((0.951385,0.0161484,0.0162882,0.016178),(0.0161004,0.951672,0.0161464,0.0160814),(0.0160803,0.0161432,0.951675,0.0161019),(0.0161751,0.0162854,0.0161462,0.951393))
  0:00:14.322   131M / 131M  INFO    General                 (main.cpp                  : 178)   Finished clustering.
  0:00:14.322   131M / 131M  INFO    General                 (main.cpp                  : 197)   Starting solid k-mers expansion in 4 threads.
  0:00:15.191   117M / 118M  INFO    General                 (main.cpp                  : 218)   Solid k-mers iteration 0 produced 74 new k-mers.
  0:00:16.049   117M / 118M  INFO    General                 (main.cpp                  : 218)   Solid k-mers iteration 1 produced 0 new k-mers.
  0:00:16.049   117M / 118M  INFO    General                 (main.cpp                  : 222)   Solid k-mers finalized
  0:00:16.049   117M / 118M  INFO    General                 (hammer_tools.cpp          : 222)   Starting read correction in 4 threads.
  0:00:16.049   117M / 118M  INFO    General                 (hammer_tools.cpp          : 235)   Correcting pair of reads: /Users/cmdb/qbb2020-answers/qb1-week1/frag180.1.fq and /Users/cmdb/qbb2020-answers/qb1-week1/frag180.2.fq
  0:00:16.182   212M / 212M  INFO    General                 (hammer_tools.cpp          : 170)   Prepared batch 0 of 35178 reads.
  0:00:16.903   212M / 212M  INFO    General                 (hammer_tools.cpp          : 177)   Processed batch 0
  0:00:17.003   212M / 212M  INFO    General                 (hammer_tools.cpp          : 187)   Written batch 0
  0:00:17.020   132M / 133M  INFO    General                 (hammer_tools.cpp          : 235)   Correcting pair of reads: /Users/cmdb/qbb2020-answers/qb1-week1/jump2k.1.fq and /Users/cmdb/qbb2020-answers/qb1-week1/jump2k.2.fq
  0:00:17.152   220M / 220M  INFO    General                 (hammer_tools.cpp          : 170)   Prepared batch 0 of 70355 reads.
  0:00:17.653   220M / 220M  INFO    General                 (hammer_tools.cpp          : 177)   Processed batch 0
  0:00:17.805   220M / 220M  INFO    General                 (hammer_tools.cpp          : 187)   Written batch 0
  0:00:17.832   140M / 141M  INFO    General                 (hammer_tools.cpp          : 276)   Correction done. Changed 96325 bases in 77238 reads.
  0:00:17.832   140M / 141M  INFO    General                 (hammer_tools.cpp          : 277)   Failed to correct 0 bases out of 14071100.
  0:00:17.841    32M / 34M   INFO    General                 (main.cpp                  : 255)   Saving corrected dataset description to /Users/cmdb/qbb2020-answers/qb1-week1/asm/corrected/corrected.yaml
  0:00:17.842    32M / 34M   INFO    General                 (main.cpp                  : 262)   All done. Exiting.

===== Read error correction finished. 


===== corrected reads compression started. 


== Running: /Users/cmdb/miniconda3/bin/python /Users/cmdb/miniconda3/share/spades/spades_pipeline/scripts/compress_all.py --input_file /Users/cmdb/qbb2020-answers/qb1-week1/asm/corrected/corrected.yaml --ext_python_modules_home /Users/cmdb/miniconda3/share/spades --max_threads 16 --output_dir /Users/cmdb/qbb2020-answers/qb1-week1/asm/corrected --gzip_output

== Compressing corrected reads (with gzip)
== Files to compress: ['/Users/cmdb/qbb2020-answers/qb1-week1/asm/corrected/frag180.1.00.0_0.cor.fastq', '/Users/cmdb/qbb2020-answers/qb1-week1/asm/corrected/frag180.2.00.0_0.cor.fastq', '/Users/cmdb/qbb2020-answers/qb1-week1/asm/corrected/frag180._unpaired.00.0_0.cor.fastq', '/Users/cmdb/qbb2020-answers/qb1-week1/asm/corrected/jump2k.1.00.1_0.cor.fastq', '/Users/cmdb/qbb2020-answers/qb1-week1/asm/corrected/jump2k.2.00.1_0.cor.fastq', '/Users/cmdb/qbb2020-answers/qb1-week1/asm/corrected/jump2k._unpaired.00.1_0.cor.fastq']
== Files compression is finished
== Dataset yaml file is updated

===== corrected reads compression finished. 


===== Read error correction finished. 


===== Assembling started. 


===== K31 started. 


== Running: /Users/cmdb/miniconda3/bin/spades-core /Users/cmdb/qbb2020-answers/qb1-week1/asm/K31/configs/config.info

WARNING: Try to use logger before create one. Level=INFO. Message=Additional contigs is tmp_contigs.fasta
  0:00:00.000     4M / 4M    INFO    General                 (main.cpp                  :  75)   Loaded config from /Users/cmdb/qbb2020-answers/qb1-week1/asm/K31/configs/config.info
  0:00:00.000     4M / 4M    INFO    General                 (memory_limit.cpp          :  49)   Memory limit set to 250 Gb
  0:00:00.000     4M / 4M    INFO    General                 (main.cpp                  :  85)   Starting SPAdes, built from refs/heads/pull/23796, git revision 27d2cb2ff888acc9d29b2e8b32290136a0b283e2
  0:00:00.000     4M / 4M    INFO    General                 (main.cpp                  :  86)   Maximum k-mer length: 128
  0:00:00.000     4M / 4M    INFO    General                 (main.cpp                  :  87)   Assembling dataset (/Users/cmdb/qbb2020-answers/qb1-week1/asm/dataset.info) with K=31
  0:00:00.000     4M / 4M    INFO    General                 (main.cpp                  :  88)   Maximum # of threads to use (adjusted due to OMP capabilities): 4
  0:00:00.000     4M / 4M    INFO    General                 (pipeline.cpp              : 194)   SPAdes started
  0:00:00.000     4M / 4M    INFO    General                 (pipeline.cpp              : 201)   Starting from stage: read_conversion
  0:00:00.000     4M / 4M    INFO    General                 (pipeline.cpp              : 207)   Two-step RR enabled: 0
  0:00:00.000     4M / 4M    INFO    General                 (pipeline.cpp              : 218)   Will need read mapping, kmer mapper will be attached
  0:00:00.000     4M / 4M    INFO   StageManager             (stage.cpp                 : 166)   STAGE == Binary Read Conversion
  0:00:00.001     4M / 4M    INFO    General                 (read_converter.cpp        :  72)   Converting reads to binary format for library #0 (takes a while)
  0:00:00.001     4M / 4M    INFO    General                 (read_converter.cpp        :  73)   Converting paired reads
  0:00:00.206    71M / 71M   INFO    General                 (binary_converter.cpp      :  96)   16384 reads processed
  0:00:00.236    71M / 71M   INFO    General                 (binary_converter.cpp      :  96)   32768 reads processed
  0:00:00.332    71M / 71M   INFO    General                 (binary_converter.cpp      : 111)   35175 reads written
  0:00:00.333    51M / 51M   INFO    General                 (read_converter.cpp        :  81)   Converting single reads
  0:00:00.336    75M / 75M   INFO    General                 (binary_converter.cpp      : 111)   3 reads written
  0:00:00.336    67M / 67M   INFO    General                 (read_converter.cpp        :  87)   Converting merged reads
  0:00:00.337    75M / 75M   INFO    General                 (binary_converter.cpp      : 111)   0 reads written
  0:00:00.339    19M / 19M   INFO    General                 (read_converter.cpp        :  72)   Converting reads to binary format for library #1 (takes a while)
  0:00:00.339    19M / 19M   INFO    General                 (read_converter.cpp        :  73)   Converting paired reads
  0:00:00.569    81M / 81M   INFO    General                 (binary_converter.cpp      :  96)   16384 reads processed
  0:00:00.593    81M / 81M   INFO    General                 (binary_converter.cpp      :  96)   32768 reads processed
  0:00:00.642    81M / 81M   INFO    General                 (binary_converter.cpp      :  96)   65536 reads processed
  0:00:00.725    81M / 81M   INFO    General                 (binary_converter.cpp      : 111)   69457 reads written
  0:00:00.726    61M / 61M   INFO    General                 (read_converter.cpp        :  81)   Converting single reads
  0:00:00.732    85M / 85M   INFO    General                 (binary_converter.cpp      : 111)   896 reads written
  0:00:00.732    77M / 77M   INFO    General                 (read_converter.cpp        :  87)   Converting merged reads
  0:00:00.732    85M / 85M   INFO    General                 (binary_converter.cpp      : 111)   0 reads written
  0:00:00.738     4M / 5M    INFO   StageManager             (stage.cpp                 : 166)   STAGE == de Bruijn graph construction
  0:00:00.741     4M / 5M    INFO    General                 (construction.cpp          : 150)   Max read length 100
  0:00:00.741     4M / 5M    INFO    General                 (construction.cpp          : 156)   Average read length 100
  0:00:00.741     4M / 5M    INFO    General                 (stage.cpp                 : 113)   PROCEDURE == k+1-mer counting
  0:00:00.741     4M / 5M    INFO    General                 (kmer_index_builder.hpp    : 117)   Splitting kmer instances into 16 files using 4 threads. This might take a while.
  0:00:00.742     4M / 5M    INFO    General                 (file_limit.hpp            :  32)   Open file limit set to 4096
  0:00:00.742     4M / 5M    INFO    General                 (kmer_splitters.hpp        :  89)   Memory available for splitting buffers: 20.8333 Gb
  0:00:00.742     4M / 5M    INFO    General                 (kmer_splitters.hpp        :  97)   Using cell size of 4194304
  0:00:01.081     4M / 59M   INFO    General                 (kmer_splitters.hpp        : 287)   Processed 140706 reads
  0:00:01.131     4M / 15M   INFO    General                 (kmer_splitters.hpp        : 293)   Used 140706 reads
  0:00:01.131     4M / 15M   INFO    General                 (kmer_index_builder.hpp    : 120)   Starting k-mer counting.
  0:00:01.170     4M / 13M   INFO    General                 (kmer_index_builder.hpp    : 127)   K-mer counting done. There are 283856 kmers in total.
  0:00:01.170     4M / 13M   INFO    General                 (kmer_index_builder.hpp    : 133)   Merging temporary buckets.
  0:00:01.192     4M / 13M   INFO    General                 (stage.cpp                 : 113)   PROCEDURE == Extension index construction
  0:00:01.193     4M / 13M   INFO   K-mer Index Building     (kmer_index_builder.hpp    : 301)   Building kmer index
  0:00:01.193     4M / 13M   INFO    General                 (kmer_index_builder.hpp    : 117)   Splitting kmer instances into 64 files using 4 threads. This might take a while.
  0:00:01.193     4M / 13M   INFO    General                 (file_limit.hpp            :  32)   Open file limit set to 4096
  0:00:01.194     4M / 13M   INFO    General                 (kmer_splitters.hpp        :  89)   Memory available for splitting buffers: 20.8333 Gb
  0:00:01.196     4M / 13M   INFO    General                 (kmer_splitters.hpp        :  97)   Using cell size of 1048576
  0:00:01.461     4M / 17M   INFO    General                 (kmer_splitters.hpp        : 364)   Processed 283856 kmers
  0:00:01.461     4M / 17M   INFO    General                 (kmer_splitters.hpp        : 369)   Used 283856 kmers.
  0:00:01.475     4M / 6M    INFO    General                 (kmer_index_builder.hpp    : 120)   Starting k-mer counting.
  0:00:01.612     4M / 6M    INFO    General                 (kmer_index_builder.hpp    : 127)   K-mer counting done. There are 283756 kmers in total.
  0:00:01.612     4M / 6M    INFO    General                 (kmer_index_builder.hpp    : 133)   Merging temporary buckets.
  0:00:01.673     4M / 6M    INFO   K-mer Index Building     (kmer_index_builder.hpp    : 314)   Building perfect hash indices
  0:00:01.720     6M / 6M    INFO    General                 (kmer_index_builder.hpp    : 150)   Merging final buckets.
  0:00:01.736     6M / 6M    INFO   K-mer Index Building     (kmer_index_builder.hpp    : 336)   Index built. Total 140264 bytes occupied (3.9545 bits per kmer).
  0:00:01.737     6M / 7M    INFO   DeBruijnExtensionIndexBu (kmer_extension_index_build:  99)   Building k-mer extensions from k+1-mers
  0:00:01.775     6M / 7M    INFO   DeBruijnExtensionIndexBu (kmer_extension_index_build: 103)   Building k-mer extensions from k+1-mers finished.
  0:00:01.776     6M / 7M    INFO    General                 (stage.cpp                 : 113)   PROCEDURE == Condensing graph
  0:00:01.781     6M / 7M    INFO   UnbranchingPathExtractor (debruijn_graph_constructor: 354)   Extracting unbranching paths
  0:00:01.834     7M / 10M   INFO   UnbranchingPathExtractor (debruijn_graph_constructor: 373)   Extracting unbranching paths finished. 8952 sequences extracted
  0:00:01.866     8M / 8M    INFO   UnbranchingPathExtractor (debruijn_graph_constructor: 309)   Collecting perfect loops
  0:00:01.884     8M / 10M   INFO   UnbranchingPathExtractor (debruijn_graph_constructor: 342)   Collecting perfect loops finished. 0 loops collected
  0:00:01.894     9M / 10M   INFO    General                 (stage.cpp                 : 113)   PROCEDURE == Filling coverage indices (PHM)
  0:00:01.894     9M / 10M   INFO   K-mer Index Building     (kmer_index_builder.hpp    : 301)   Building kmer index
  0:00:01.894     9M / 10M   INFO   K-mer Index Building     (kmer_index_builder.hpp    : 314)   Building perfect hash indices
  0:00:01.920    10M / 11M   INFO   K-mer Index Building     (kmer_index_builder.hpp    : 336)   Index built. Total 133760 bytes occupied (3.7698 bits per kmer).
  0:00:01.921    11M / 12M   INFO    General                 (construction.cpp          : 429)   Collecting k-mer coverage information from reads, this takes a while.
  0:00:02.197    11M / 12M   INFO    General                 (construction.cpp          : 549)   Filling coverage and flanking coverage from PHM
  0:00:02.230    11M / 12M   INFO    General                 (construction.cpp          : 505)   Processed 17904 edges
  0:00:02.232    11M / 12M   INFO   StageManager             (stage.cpp                 : 166)   STAGE == EC Threshold Finding
  0:00:02.232    11M / 12M   INFO    General                 (kmer_coverage_model.cpp   : 181)   Kmer coverage valley at: 2
  0:00:02.232    11M / 12M   INFO    General                 (kmer_coverage_model.cpp   : 201)   K-mer histogram maximum: 19
  0:00:02.232    11M / 12M   INFO    General                 (kmer_coverage_model.cpp   : 237)   Estimated median coverage: 20. Coverage mad: 5.9304
  0:00:02.232    11M / 12M   INFO    General                 (kmer_coverage_model.cpp   : 259)   Fitting coverage model
  0:00:02.237    11M / 12M   INFO    General                 (kmer_coverage_model.cpp   : 295)   ... iteration 2
  0:00:02.249    11M / 12M   INFO    General                 (kmer_coverage_model.cpp   : 295)   ... iteration 4
  0:00:02.284    11M / 12M   INFO    General                 (kmer_coverage_model.cpp   : 295)   ... iteration 8
  0:00:02.342    11M / 12M   INFO    General                 (kmer_coverage_model.cpp   : 295)   ... iteration 16
  0:00:02.349    11M / 12M   INFO    General                 (kmer_coverage_model.cpp   : 309)   Fitted mean coverage: 20.5224. Fitted coverage std. dev: 4.66048
  0:00:02.349    11M / 12M   INFO    General                 (kmer_coverage_model.cpp   : 334)   Probability of erroneous kmer at valley: 0.866212
  0:00:02.349    11M / 12M   INFO    General                 (kmer_coverage_model.cpp   : 358)   Preliminary threshold calculated as: 7
  0:00:02.349    11M / 12M   INFO    General                 (kmer_coverage_model.cpp   : 362)   Threshold adjusted to: 7
  0:00:02.350    11M / 12M   INFO    General                 (kmer_coverage_model.cpp   : 375)   Estimated genome size (ignoring repeats): 233946
  0:00:02.350    11M / 12M   INFO    General                 (genomic_info_filler.cpp   :  53)   Mean coverage was calculated as 20.5224
  0:00:02.350    11M / 12M   INFO    General                 (genomic_info_filler.cpp   :  68)   EC coverage threshold value was calculated as 7
  0:00:02.350    11M / 12M   INFO    General                 (genomic_info_filler.cpp   :  69)   Trusted kmer low bound: 0
  0:00:02.350    11M / 12M   INFO   StageManager             (stage.cpp                 : 166)   STAGE == Gap Closer
  0:00:02.351    11M / 12M   INFO    General                 (graph_pack.hpp            : 105)   Index refill
  0:00:02.351    11M / 12M   INFO   K-mer Index Building     (kmer_index_builder.hpp    : 301)   Building kmer index
  0:00:02.351    11M / 12M   INFO    General                 (kmer_index_builder.hpp    : 117)   Splitting kmer instances into 64 files using 4 threads. This might take a while.
  0:00:02.352    11M / 12M   INFO    General                 (file_limit.hpp            :  32)   Open file limit set to 4096
  0:00:02.352    11M / 12M   INFO    General                 (kmer_splitters.hpp        :  89)   Memory available for splitting buffers: 20.833 Gb
  0:00:02.352    11M / 12M   INFO    General                 (kmer_splitters.hpp        :  97)   Using cell size of 1048576
  0:00:02.623    11M / 15M   INFO    General                 (edge_index_builders.hpp   :  77)   Processed 17904 edges
  0:00:02.623    11M / 15M   INFO    General                 (edge_index_builders.hpp   :  82)   Used 17904 sequences.
  0:00:02.636    11M / 12M   INFO    General                 (kmer_index_builder.hpp    : 120)   Starting k-mer counting.
  0:00:02.710    11M / 12M   INFO    General                 (kmer_index_builder.hpp    : 127)   K-mer counting done. There are 283856 kmers in total.
  0:00:02.710    11M / 12M   INFO    General                 (kmer_index_builder.hpp    : 133)   Merging temporary buckets.
  0:00:02.794    11M / 12M   INFO   K-mer Index Building     (kmer_index_builder.hpp    : 314)   Building perfect hash indices
  0:00:02.842    11M / 12M   INFO    General                 (kmer_index_builder.hpp    : 150)   Merging final buckets.
  0:00:02.859    11M / 12M   INFO   K-mer Index Building     (kmer_index_builder.hpp    : 336)   Index built. Total 140288 bytes occupied (3.95378 bits per kmer).
  0:00:02.862    16M / 16M   INFO    General                 (edge_index_builders.hpp   : 107)   Collecting edge information from graph, this takes a while.
  0:00:02.885    16M / 16M   INFO    General                 (edge_index.hpp            :  92)   Index refilled
  0:00:02.887    16M / 16M   INFO    General                 (gap_closer.cpp            : 147)   Preparing shift maps
  0:00:02.893    16M / 16M   INFO    General                 (gap_closer.cpp            : 107)   Processing paired reads (takes a while)
  0:00:03.054    16M / 16M   INFO    General                 (gap_closer.cpp            : 126)   Used 35175 paired reads
  0:00:03.054    16M / 16M   INFO    General                 (gap_closer.cpp            : 128)   Merging paired indices
  0:00:03.055    16M / 16M   INFO   GapCloser                (gap_closer.cpp            : 332)   Closing short gaps
  0:00:03.061    16M / 16M   INFO   GapCloser                (gap_closer.cpp            : 366)   Closing short gaps complete: filled 0 gaps after checking 2 candidates
  0:00:03.062    16M / 17M   INFO   StageManager             (stage.cpp                 : 166)   STAGE == Raw Simplification
  0:00:03.062    16M / 17M   INFO    General                 (simplification.cpp        : 128)   PROCEDURE == InitialCleaning
  0:00:03.062    16M / 17M   INFO    General                 (graph_simplification.hpp  : 671)   Flanking coverage based disconnection disabled
  0:00:03.062    16M / 17M   INFO   Simplification           (parallel_processing.hpp   : 165)   Running Self conjugate edge remover
  0:00:03.063    16M / 17M   INFO   Simplification           (parallel_processing.hpp   : 167)   Self conjugate edge remover triggered 0 times
  0:00:03.063    16M / 17M   INFO   Simplification           (parallel_processing.hpp   : 165)   Running Initial tip clipper
  0:00:03.109    16M / 17M   INFO   Simplification           (parallel_processing.hpp   : 167)   Initial tip clipper triggered 4334 times
  0:00:03.109    16M / 17M   INFO   Simplification           (parallel_processing.hpp   : 165)   Running Initial ec remover
  0:00:03.115    16M / 17M   INFO   Simplification           (parallel_processing.hpp   : 167)   Initial ec remover triggered 69 times
  0:00:03.115    16M / 17M   INFO   Simplification           (parallel_processing.hpp   : 165)   Running Initial isolated edge remover
  0:00:03.116    16M / 17M   INFO   Simplification           (parallel_processing.hpp   : 167)   Initial isolated edge remover triggered 0 times
  0:00:03.116    16M / 17M   INFO   StageManager             (stage.cpp                 : 166)   STAGE == Simplification
  0:00:03.116    16M / 17M   INFO    General                 (simplification.cpp        : 383)   Graph simplification started
  0:00:03.116    16M / 17M   INFO    General                 (graph_simplification.hpp  : 643)   Creating parallel br instance
  0:00:03.116    16M / 17M   INFO    General                 (simplification.cpp        : 388)   PROCEDURE == Simplification cycle, iteration 1
  0:00:03.116    16M / 17M   INFO   Simplification           (parallel_processing.hpp   : 165)   Running Tip clipper
  0:00:03.117    16M / 17M   INFO   Simplification           (parallel_processing.hpp   : 167)   Tip clipper triggered 0 times
  0:00:03.117    16M / 17M   INFO   Simplification           (parallel_processing.hpp   : 165)   Running Bulge remover
  0:00:03.129    16M / 17M   INFO   Simplification           (parallel_processing.hpp   : 167)   Bulge remover triggered 34 times
  0:00:03.129    16M / 17M   INFO   Simplification           (parallel_processing.hpp   : 165)   Running Low coverage edge remover
  0:00:03.129    16M / 17M   INFO   Simplification           (parallel_processing.hpp   : 167)   Low coverage edge remover triggered 0 times
  0:00:03.129    16M / 17M   INFO    General                 (simplification.cpp        : 388)   PROCEDURE == Simplification cycle, iteration 2
  0:00:03.129    16M / 17M   INFO   Simplification           (parallel_processing.hpp   : 165)   Running Tip clipper
  0:00:03.130    16M / 17M   INFO   Simplification           (parallel_processing.hpp   : 167)   Tip clipper triggered 0 times
  0:00:03.130    16M / 17M   INFO   Simplification           (parallel_processing.hpp   : 165)   Running Bulge remover
  0:00:03.130    16M / 17M   INFO   Simplification           (parallel_processing.hpp   : 167)   Bulge remover triggered 0 times
  0:00:03.130    16M / 17M   INFO   Simplification           (parallel_processing.hpp   : 165)   Running Low coverage edge remover
  0:00:03.130    16M / 17M   INFO   Simplification           (parallel_processing.hpp   : 167)   Low coverage edge remover triggered 0 times
  0:00:03.130    16M / 17M   INFO    General                 (simplification.cpp        : 388)   PROCEDURE == Simplification cycle, iteration 3
  0:00:03.130    16M / 17M   INFO   Simplification           (parallel_processing.hpp   : 165)   Running Tip clipper
  0:00:03.131    16M / 17M   INFO   Simplification           (parallel_processing.hpp   : 167)   Tip clipper triggered 0 times
  0:00:03.131    16M / 17M   INFO   Simplification           (parallel_processing.hpp   : 165)   Running Bulge remover
  0:00:03.131    16M / 17M   INFO   Simplification           (parallel_processing.hpp   : 167)   Bulge remover triggered 0 times
  0:00:03.131    16M / 17M   INFO   Simplification           (parallel_processing.hpp   : 165)   Running Low coverage edge remover
  0:00:03.132    16M / 17M   INFO   Simplification           (parallel_processing.hpp   : 167)   Low coverage edge remover triggered 0 times
  0:00:03.132    16M / 17M   INFO    General                 (simplification.cpp        : 388)   PROCEDURE == Simplification cycle, iteration 4
  0:00:03.132    16M / 17M   INFO   Simplification           (parallel_processing.hpp   : 165)   Running Tip clipper
  0:00:03.132    16M / 17M   INFO   Simplification           (parallel_processing.hpp   : 167)   Tip clipper triggered 0 times
  0:00:03.132    16M / 17M   INFO   Simplification           (parallel_processing.hpp   : 165)   Running Bulge remover
  0:00:03.132    16M / 17M   INFO   Simplification           (parallel_processing.hpp   : 167)   Bulge remover triggered 0 times
  0:00:03.132    16M / 17M   INFO   Simplification           (parallel_processing.hpp   : 165)   Running Low coverage edge remover
  0:00:03.133    16M / 17M   INFO   Simplification           (parallel_processing.hpp   : 167)   Low coverage edge remover triggered 0 times
  0:00:03.133    16M / 17M   INFO    General                 (simplification.cpp        : 388)   PROCEDURE == Simplification cycle, iteration 5
  0:00:03.133    16M / 17M   INFO   Simplification           (parallel_processing.hpp   : 165)   Running Tip clipper
  0:00:03.133    16M / 17M   INFO   Simplification           (parallel_processing.hpp   : 167)   Tip clipper triggered 0 times
  0:00:03.133    16M / 17M   INFO   Simplification           (parallel_processing.hpp   : 165)   Running Bulge remover
  0:00:03.133    16M / 17M   INFO   Simplification           (parallel_processing.hpp   : 167)   Bulge remover triggered 0 times
  0:00:03.134    16M / 17M   INFO   Simplification           (parallel_processing.hpp   : 165)   Running Low coverage edge remover
  0:00:03.134    16M / 17M   INFO   Simplification           (parallel_processing.hpp   : 167)   Low coverage edge remover triggered 0 times
  0:00:03.134    16M / 17M   INFO    General                 (simplification.cpp        : 388)   PROCEDURE == Simplification cycle, iteration 6
  0:00:03.134    16M / 17M   INFO   Simplification           (parallel_processing.hpp   : 165)   Running Tip clipper
  0:00:03.134    16M / 17M   INFO   Simplification           (parallel_processing.hpp   : 167)   Tip clipper triggered 0 times
  0:00:03.134    16M / 17M   INFO   Simplification           (parallel_processing.hpp   : 165)   Running Bulge remover
  0:00:03.135    16M / 17M   INFO   Simplification           (parallel_processing.hpp   : 167)   Bulge remover triggered 0 times
  0:00:03.135    16M / 17M   INFO   Simplification           (parallel_processing.hpp   : 165)   Running Low coverage edge remover
  0:00:03.135    16M / 17M   INFO   Simplification           (parallel_processing.hpp   : 167)   Low coverage edge remover triggered 0 times
  0:00:03.135    16M / 17M   INFO    General                 (simplification.cpp        : 388)   PROCEDURE == Simplification cycle, iteration 7
  0:00:03.135    16M / 17M   INFO   Simplification           (parallel_processing.hpp   : 165)   Running Tip clipper
  0:00:03.135    16M / 17M   INFO   Simplification           (parallel_processing.hpp   : 167)   Tip clipper triggered 0 times
  0:00:03.135    16M / 17M   INFO   Simplification           (parallel_processing.hpp   : 165)   Running Bulge remover
  0:00:03.135    16M / 17M   INFO   Simplification           (parallel_processing.hpp   : 167)   Bulge remover triggered 0 times
  0:00:03.136    16M / 17M   INFO   Simplification           (parallel_processing.hpp   : 165)   Running Low coverage edge remover
  0:00:03.136    16M / 17M   INFO   Simplification           (parallel_processing.hpp   : 167)   Low coverage edge remover triggered 0 times
  0:00:03.136    16M / 17M   INFO    General                 (simplification.cpp        : 388)   PROCEDURE == Simplification cycle, iteration 8
  0:00:03.136    16M / 17M   INFO   Simplification           (parallel_processing.hpp   : 165)   Running Tip clipper
  0:00:03.136    16M / 17M   INFO   Simplification           (parallel_processing.hpp   : 167)   Tip clipper triggered 0 times
  0:00:03.136    16M / 17M   INFO   Simplification           (parallel_processing.hpp   : 165)   Running Bulge remover
  0:00:03.137    16M / 17M   INFO   Simplification           (parallel_processing.hpp   : 167)   Bulge remover triggered 0 times
  0:00:03.137    16M / 17M   INFO   Simplification           (parallel_processing.hpp   : 165)   Running Low coverage edge remover
  0:00:03.137    16M / 17M   INFO   Simplification           (parallel_processing.hpp   : 167)   Low coverage edge remover triggered 0 times
  0:00:03.137    16M / 17M   INFO    General                 (simplification.cpp        : 388)   PROCEDURE == Simplification cycle, iteration 9
  0:00:03.137    16M / 17M   INFO   Simplification           (parallel_processing.hpp   : 165)   Running Tip clipper
  0:00:03.137    16M / 17M   INFO   Simplification           (parallel_processing.hpp   : 167)   Tip clipper triggered 0 times
  0:00:03.138    16M / 17M   INFO   Simplification           (parallel_processing.hpp   : 165)   Running Bulge remover
  0:00:03.138    16M / 17M   INFO   Simplification           (parallel_processing.hpp   : 167)   Bulge remover triggered 0 times
  0:00:03.138    16M / 17M   INFO   Simplification           (parallel_processing.hpp   : 165)   Running Low coverage edge remover
  0:00:03.138    16M / 17M   INFO   Simplification           (parallel_processing.hpp   : 167)   Low coverage edge remover triggered 0 times
  0:00:03.138    16M / 17M   INFO    General                 (simplification.cpp        : 388)   PROCEDURE == Simplification cycle, iteration 10
  0:00:03.138    16M / 17M   INFO   Simplification           (parallel_processing.hpp   : 165)   Running Tip clipper
  0:00:03.139    16M / 17M   INFO   Simplification           (parallel_processing.hpp   : 167)   Tip clipper triggered 0 times
  0:00:03.139    16M / 17M   INFO   Simplification           (parallel_processing.hpp   : 165)   Running Bulge remover
  0:00:03.139    16M / 17M   INFO   Simplification           (parallel_processing.hpp   : 167)   Bulge remover triggered 0 times
  0:00:03.139    16M / 17M   INFO   Simplification           (parallel_processing.hpp   : 165)   Running Low coverage edge remover
  0:00:03.140    16M / 17M   INFO   Simplification           (parallel_processing.hpp   : 167)   Low coverage edge remover triggered 0 times
  0:00:03.140    16M / 17M   INFO    General                 (simplification.cpp        : 388)   PROCEDURE == Simplification cycle, iteration 11
  0:00:03.140    16M / 17M   INFO   Simplification           (parallel_processing.hpp   : 165)   Running Tip clipper
  0:00:03.141    16M / 17M   INFO   Simplification           (parallel_processing.hpp   : 167)   Tip clipper triggered 0 times
  0:00:03.141    16M / 17M   INFO   Simplification           (parallel_processing.hpp   : 165)   Running Bulge remover
  0:00:03.141    16M / 17M   INFO   Simplification           (parallel_processing.hpp   : 167)   Bulge remover triggered 0 times
  0:00:03.141    16M / 17M   INFO   Simplification           (parallel_processing.hpp   : 165)   Running Low coverage edge remover
  0:00:03.142    16M / 17M   INFO   Simplification           (parallel_processing.hpp   : 167)   Low coverage edge remover triggered 0 times
  0:00:03.142    16M / 17M   INFO   StageManager             (stage.cpp                 : 166)   STAGE == Gap Closer
  0:00:03.142    16M / 17M   INFO    General                 (graph_pack.hpp            : 105)   Index refill
  0:00:03.143    16M / 17M   INFO   K-mer Index Building     (kmer_index_builder.hpp    : 301)   Building kmer index
  0:00:03.143    16M / 17M   INFO    General                 (kmer_index_builder.hpp    : 117)   Splitting kmer instances into 64 files using 4 threads. This might take a while.
  0:00:03.143    16M / 17M   INFO    General                 (file_limit.hpp            :  32)   Open file limit set to 4096
  0:00:03.144    16M / 17M   INFO    General                 (kmer_splitters.hpp        :  89)   Memory available for splitting buffers: 20.8331 Gb
  0:00:03.144    16M / 17M   INFO    General                 (kmer_splitters.hpp        :  97)   Using cell size of 1048576
  0:00:03.448    16M / 19M   INFO    General                 (edge_index_builders.hpp   :  82)   Used 14 sequences.
  0:00:03.460    16M / 17M   INFO    General                 (kmer_index_builder.hpp    : 120)   Starting k-mer counting.
  0:00:03.556    16M / 17M   INFO    General                 (kmer_index_builder.hpp    : 127)   K-mer counting done. There are 234289 kmers in total.
  0:00:03.556    16M / 17M   INFO    General                 (kmer_index_builder.hpp    : 133)   Merging temporary buckets.
  0:00:03.633    16M / 17M   INFO   K-mer Index Building     (kmer_index_builder.hpp    : 314)   Building perfect hash indices
  0:00:03.669    16M / 17M   INFO    General                 (kmer_index_builder.hpp    : 150)   Merging final buckets.
  0:00:03.683    16M / 17M   INFO   K-mer Index Building     (kmer_index_builder.hpp    : 336)   Index built. Total 117216 bytes occupied (4.00244 bits per kmer).
  0:00:03.685    16M / 17M   INFO    General                 (edge_index_builders.hpp   : 107)   Collecting edge information from graph, this takes a while.
  0:00:03.734    16M / 17M   INFO    General                 (edge_index.hpp            :  92)   Index refilled
  0:00:03.735    16M / 17M   INFO    General                 (gap_closer.cpp            : 147)   Preparing shift maps
  0:00:03.736    16M / 17M   INFO    General                 (gap_closer.cpp            : 107)   Processing paired reads (takes a while)
  0:00:03.829    16M / 17M   INFO    General                 (gap_closer.cpp            : 126)   Used 35175 paired reads
  0:00:03.829    16M / 17M   INFO    General                 (gap_closer.cpp            : 128)   Merging paired indices
  0:00:03.830    16M / 17M   INFO   GapCloser                (gap_closer.cpp            : 332)   Closing short gaps
  0:00:03.830    16M / 17M   INFO   GapCloser                (gap_closer.cpp            : 366)   Closing short gaps complete: filled 0 gaps after checking 0 candidates
  0:00:03.830    16M / 17M   INFO   StageManager             (stage.cpp                 : 166)   STAGE == Simplification Cleanup
  0:00:03.830    16M / 17M   INFO    General                 (simplification.cpp        : 196)   PROCEDURE == Post simplification
  0:00:03.831    16M / 17M   INFO    General                 (graph_simplification.hpp  : 456)   Disconnection of relatively low covered edges disabled
  0:00:03.831    16M / 17M   INFO    General                 (graph_simplification.hpp  : 493)   Complex tip clipping disabled
  0:00:03.831    16M / 17M   INFO    General                 (graph_simplification.hpp  : 643)   Creating parallel br instance
  0:00:03.832    16M / 17M   INFO   Simplification           (parallel_processing.hpp   : 165)   Running Tip clipper
  0:00:03.832    16M / 17M   INFO   Simplification           (parallel_processing.hpp   : 167)   Tip clipper triggered 0 times
  0:00:03.832    16M / 17M   INFO   Simplification           (parallel_processing.hpp   : 165)   Running Bulge remover
  0:00:03.833    16M / 17M   INFO   Simplification           (parallel_processing.hpp   : 167)   Bulge remover triggered 0 times
  0:00:03.833    16M / 17M   INFO   Simplification           (parallel_processing.hpp   : 165)   Running Tip clipper
  0:00:03.833    16M / 17M   INFO   Simplification           (parallel_processing.hpp   : 167)   Tip clipper triggered 0 times
  0:00:03.833    16M / 17M   INFO   Simplification           (parallel_processing.hpp   : 165)   Running Bulge remover
  0:00:03.834    16M / 17M   INFO   Simplification           (parallel_processing.hpp   : 167)   Bulge remover triggered 0 times
  0:00:03.834    16M / 17M   INFO    General                 (simplification.cpp        : 343)   Disrupting self-conjugate edges
  0:00:03.834    16M / 17M   INFO   Simplification           (parallel_processing.hpp   : 165)   Running Removing isolated edges
  0:00:03.834    16M / 17M   INFO   Simplification           (parallel_processing.hpp   : 167)   Removing isolated edges triggered 0 times
  0:00:03.834    16M / 17M   INFO    General                 (simplification.cpp        : 496)   Counting average coverage
  0:00:03.835    16M / 17M   INFO    General                 (simplification.cpp        : 502)   Average coverage = 20.5145
  0:00:03.835    16M / 17M   INFO   StageManager             (stage.cpp                 : 166)   STAGE == Mismatch Correction
  0:00:03.835    16M / 17M   INFO    General                 (graph_pack.hpp            : 113)   Normalizing k-mer map. Total 3136 kmers to process
  0:00:03.836    16M / 17M   INFO    General                 (graph_pack.hpp            : 115)   Normalizing done
  0:00:04.138    16M / 17M   INFO    General                 (mismatch_shall_not_pass.hp: 195)   Finished collecting potential mismatches positions
  0:00:04.141    16M / 17M   INFO    General                 (mismatch_shall_not_pass.hp: 310)   All edges processed
  0:00:04.141    16M / 17M   INFO    General                 (mismatch_correction.cpp   :  27)   Corrected 0 nucleotides
  0:00:04.141    16M / 17M   INFO   StageManager             (stage.cpp                 : 166)   STAGE == Contig Output
  0:00:04.142    16M / 17M   INFO    General                 (contig_output.hpp         :  21)   Outputting contigs to /Users/cmdb/qbb2020-answers/qb1-week1/asm/K31/before_rr.fasta
  0:00:04.148    16M / 17M   INFO    General                 (contig_output_stage.cpp   : 146)   Writing GFA graph to /Users/cmdb/qbb2020-answers/qb1-week1/asm/K31/assembly_graph_after_simplification.gfa
  0:00:04.152    16M / 17M   INFO   StageManager             (stage.cpp                 : 166)   STAGE == Paired Information Counting
  0:00:04.153    16M / 17M   INFO    General                 (graph_pack.hpp            : 113)   Normalizing k-mer map. Total 3136 kmers to process
  0:00:04.153    16M / 17M   INFO    General                 (graph_pack.hpp            : 115)   Normalizing done
  0:00:04.153    16M / 17M   INFO    General                 (pair_info_count.cpp       : 322)   Min edge length for estimation: 47830
  0:00:04.154    16M / 17M   INFO    General                 (pair_info_count.cpp       : 333)   Estimating insert size for library #0
  0:00:04.155    16M / 17M   INFO    General                 (pair_info_count.cpp       : 190)   Estimating insert size (takes a while)
  0:00:04.199    96M / 97M   INFO    General                 (pair_info_count.cpp       :  39)   Selecting usual mapper
  0:00:04.366    96M / 97M   INFO    General                 (sequence_mapper_notifier.h:  94)   Total 35175 reads processed
  0:00:04.443    96M / 97M   INFO    General                 (pair_info_count.cpp       : 208)   Edge pairs: 27
  0:00:04.444    96M / 97M   INFO    General                 (pair_info_count.cpp       : 212)   21085 paired reads (59.9431% of all) aligned to long edges
  0:00:04.450    16M / 17M   INFO    General                 (pair_info_count.cpp       : 356)     Insert size = 181.152, deviation = 19.8671, left quantile = 156, right quantile = 207, read length = 100
  0:00:04.450    16M / 17M   INFO    General                 (pair_info_count.cpp       : 373)   Filtering data for library #0
  0:00:04.452    16M / 17M   INFO    General                 (pair_info_count.cpp       :  39)   Selecting usual mapper
  0:00:04.568    16M / 17M   INFO    General                 (sequence_mapper_notifier.h:  94)   Total 35175 reads processed
  0:00:04.568    16M / 17M   INFO    General                 (pair_info_count.cpp       : 385)   Mapping library #0
  0:00:04.568    16M / 17M   INFO    General                 (pair_info_count.cpp       : 387)   Mapping paired reads (takes a while)
  0:00:04.568    16M / 17M   INFO    General                 (pair_info_count.cpp       : 288)   Left insert size quantile 156, right insert size quantile 207, filtering threshold 2, rounding threshold 0
  0:00:04.577    25M / 26M   INFO    General                 (pair_info_count.cpp       :  39)   Selecting usual mapper
  0:00:04.690    25M / 26M   INFO    General                 (sequence_mapper_notifier.h:  94)   Total 35175 reads processed
  0:00:04.694    13M / 16M   INFO    General                 (pair_info_count.cpp       : 333)   Estimating insert size for library #1
  0:00:04.694    13M / 16M   INFO    General                 (pair_info_count.cpp       : 190)   Estimating insert size (takes a while)
  0:00:04.733    93M / 96M   INFO    General                 (pair_info_count.cpp       :  30)   Mapping mate-pairs using BWA-mem mapper
  0:00:04.742    93M / 96M   INFO    General                 (bwa_index.cpp             : 173)   Using BWA IS algorithm
  0:00:05.764    93M / 98M   INFO    General                 (sequence_mapper_notifier.h:  94)   Total 69457 reads processed
  0:00:05.837    93M / 98M   INFO    General                 (pair_info_count.cpp       : 208)   Edge pairs: 29
  0:00:05.837    93M / 98M   INFO    General                 (pair_info_count.cpp       : 212)   40935 paired reads (58.9357% of all) aligned to long edges
  0:00:05.843    13M / 18M   INFO    General                 (pair_info_count.cpp       : 356)     Insert size = 2002.27, deviation = 200.457, left quantile = 1744, right quantile = 2258, read length = 50
  0:00:05.843    13M / 18M   INFO    General                 (pair_info_count.cpp       : 385)   Mapping library #1
  0:00:05.844    13M / 18M   INFO    General                 (pair_info_count.cpp       : 387)   Mapping paired reads (takes a while)
  0:00:05.844    13M / 18M   INFO    General                 (pair_info_count.cpp       : 288)   Left insert size quantile 1744, right insert size quantile 2258, filtering threshold 2, rounding threshold 0
  0:00:05.850    22M / 27M   INFO    General                 (pair_info_count.cpp       :  30)   Mapping mate-pairs using BWA-mem mapper
  0:00:05.859    22M / 27M   INFO    General                 (bwa_index.cpp             : 173)   Using BWA IS algorithm
  0:00:06.775    23M / 27M   INFO    General                 (sequence_mapper_notifier.h:  94)   Total 69457 reads processed
  0:00:06.778    14M / 18M   INFO   StageManager             (stage.cpp                 : 166)   STAGE == Distance Estimation
  0:00:06.778    14M / 18M   INFO    General                 (distance_estimation.cpp   : 174)   Processing library #0
  0:00:06.779    14M / 18M   INFO    General                 (distance_estimation.cpp   : 150)   Weight Filter Done
  0:00:06.779    14M / 18M   INFO   DistanceEstimator        (distance_estimation.hpp   : 116)   Using SIMPLE distance estimator
  0:00:06.779    14M / 18M   INFO    General                 (distance_estimation.cpp   :  35)   Filtering info
  0:00:06.779    14M / 19M   INFO    General                 (pair_info_filters.hpp     : 242)   Start filtering; index size: 26
  0:00:06.779    14M / 19M   INFO    General                 (pair_info_filters.hpp     : 263)   Done filtering
  0:00:06.779    14M / 19M   INFO    General                 (distance_estimation.cpp   : 157)   Refining clustered pair information
  0:00:06.780    14M / 19M   INFO    General                 (distance_estimation.cpp   : 159)   The refining of clustered pair information has been finished
  0:00:06.780    14M / 19M   INFO    General                 (distance_estimation.cpp   : 161)   Improving paired information
  0:00:06.780    14M / 19M   INFO   PairInfoImprover         (pair_info_improver.hpp    : 103)   Paired info stats: missing = 0; contradictional = 0
  0:00:06.781    14M / 19M   INFO   PairInfoImprover         (pair_info_improver.hpp    : 103)   Paired info stats: missing = 0; contradictional = 0
  0:00:06.781    14M / 19M   INFO    General                 (distance_estimation.cpp   : 104)   Filling scaffolding index
  0:00:06.781    14M / 19M   INFO   DistanceEstimator        (distance_estimation.hpp   : 116)   Using SMOOTHING distance estimator
  0:00:06.781    14M / 19M   INFO    General                 (distance_estimation.cpp   :  35)   Filtering info
  0:00:06.782    14M / 19M   INFO    General                 (pair_info_filters.hpp     : 242)   Start filtering; index size: 14
  0:00:06.782    14M / 19M   INFO    General                 (pair_info_filters.hpp     : 263)   Done filtering
  0:00:06.782    14M / 19M   INFO    General                 (distance_estimation.cpp   : 183)   Clearing raw paired index
  0:00:06.782    14M / 19M   INFO   StageManager             (stage.cpp                 : 166)   STAGE == Repeat Resolving
  0:00:06.782    14M / 19M   INFO    General                 (repeat_resolving.cpp      :  69)   Using Path-Extend repeat resolving
  0:00:06.783    14M / 19M   INFO    General                 (launcher.cpp              : 538)   ExSPAnder repeat resolving tool started
  0:00:06.783    14M / 19M   INFO    General                 (coverage_uniformity_analyz:  25)   genomic coverage is 20.5888 calculated of length 234235
  0:00:06.783    14M / 19M   INFO    General                 (launcher.cpp              : 180)   Autodetecting unique edge set parameters...
  0:00:06.783    14M / 19M   INFO    General                 (launcher.cpp              : 182)   Minimal unique edge length set to the smallest MP library IS: 2002
  0:00:06.783    14M / 19M   INFO    General                 (coverage_uniformity_analyz:  25)   genomic coverage is 20.5888 calculated of length 234235
  0:00:06.784    14M / 19M   INFO    General                 (launcher.cpp              : 188)   median coverage for edges longer than 2002 is 20.5888 uniformity 100%
  0:00:06.784    14M / 19M   INFO   ScaffoldingUniqueEdgeAna (scaff_supplementary.cpp   :  56)   With length cutoff: 2002, median long edge coverage: 20.6219, and maximal unique coverage: 0.5
  0:00:06.784    14M / 19M   INFO   ScaffoldingUniqueEdgeAna (scaff_supplementary.cpp   :  57)   Unique edges quantity: 12, unique edges length 468470, total edges length 468578
  0:00:06.784    14M / 19M   INFO    General                 (launcher.cpp              : 404)   Creating main extenders, unique edge length = 2002
  0:00:06.785    14M / 19M   INFO    General                 (extenders_logic.cpp       : 311)   Estimated coverage of library #0 is 20.5145
  0:00:06.785    14M / 19M   INFO    General                 (extenders_logic.cpp       : 311)   Estimated coverage of library #0 is 20.5145
  0:00:06.785    14M / 19M   INFO    General                 (extenders_logic.cpp       : 519)   Using 1 paired-end library
  0:00:06.785    14M / 19M   INFO    General                 (extenders_logic.cpp       : 520)   Using 1 paired-end scaffolding library
  0:00:06.785    14M / 19M   INFO    General                 (extenders_logic.cpp       : 521)   Using 0 single read libraries
  0:00:06.786    14M / 19M   INFO    General                 (launcher.cpp              : 323)   Will add extenders for length 1702
  0:00:06.786    14M / 19M   INFO   ScaffoldingUniqueEdgeAna (scaff_supplementary.cpp   :  56)   With length cutoff: 1702, median long edge coverage: 20.6219, and maximal unique coverage: 0.5
  0:00:06.786    14M / 19M   INFO   ScaffoldingUniqueEdgeAna (scaff_supplementary.cpp   :  57)   Unique edges quantity: 12, unique edges length 468470, total edges length 468578
  0:00:06.786    14M / 19M   INFO    General                 (launcher.cpp              : 323)   Will add extenders for length 1402
  0:00:06.786    14M / 19M   INFO   ScaffoldingUniqueEdgeAna (scaff_supplementary.cpp   :  56)   With length cutoff: 1402, median long edge coverage: 20.6219, and maximal unique coverage: 0.5
  0:00:06.787    14M / 19M   INFO   ScaffoldingUniqueEdgeAna (scaff_supplementary.cpp   :  57)   Unique edges quantity: 12, unique edges length 468470, total edges length 468578
  0:00:06.787    14M / 19M   INFO    General                 (launcher.cpp              : 323)   Will add extenders for length 1102
  0:00:06.787    14M / 19M   INFO   ScaffoldingUniqueEdgeAna (scaff_supplementary.cpp   :  56)   With length cutoff: 1102, median long edge coverage: 20.6219, and maximal unique coverage: 0.5
  0:00:06.787    14M / 19M   INFO   ScaffoldingUniqueEdgeAna (scaff_supplementary.cpp   :  57)   Unique edges quantity: 12, unique edges length 468470, total edges length 468578
  0:00:06.787    14M / 19M   INFO    General                 (launcher.cpp              : 323)   Will add extenders for length 802
  0:00:06.788    14M / 19M   INFO   ScaffoldingUniqueEdgeAna (scaff_supplementary.cpp   :  56)   With length cutoff: 802, median long edge coverage: 20.6219, and maximal unique coverage: 0.5
  0:00:06.788    14M / 19M   INFO   ScaffoldingUniqueEdgeAna (scaff_supplementary.cpp   :  57)   Unique edges quantity: 12, unique edges length 468470, total edges length 468578
  0:00:06.788    14M / 19M   INFO    General                 (launcher.cpp              : 323)   Will add extenders for length 502
  0:00:06.788    14M / 19M   INFO   ScaffoldingUniqueEdgeAna (scaff_supplementary.cpp   :  56)   With length cutoff: 502, median long edge coverage: 20.6219, and maximal unique coverage: 0.5
  0:00:06.788    14M / 19M   INFO   ScaffoldingUniqueEdgeAna (scaff_supplementary.cpp   :  57)   Unique edges quantity: 12, unique edges length 468470, total edges length 468578
  0:00:06.788    14M / 19M   INFO    General                 (launcher.cpp              : 328)   Will add final extenders for length 500
  0:00:06.789    14M / 19M   INFO   ScaffoldingUniqueEdgeAna (scaff_supplementary.cpp   :  56)   With length cutoff: 500, median long edge coverage: 20.6219, and maximal unique coverage: 0.5
  0:00:06.789    14M / 19M   INFO   ScaffoldingUniqueEdgeAna (scaff_supplementary.cpp   :  57)   Unique edges quantity: 12, unique edges length 468470, total edges length 468578
  0:00:06.789    14M / 19M   INFO    General                 (extenders_logic.cpp       : 187)   Creating Scaffolding 2015 extender for lib #1
  0:00:06.789    14M / 19M   INFO    General                 (extenders_logic.cpp       : 191)   Paired unclustered indices not empty, using them
  0:00:06.790    14M / 19M   INFO   ExtensionChooser2015     (extension_chooser2015.hpp :  51)   ExtensionChooser2015 created
  0:00:06.790    14M / 19M   INFO    General                 (extenders_logic.cpp       : 366)   Using 1 mate-pair library
  0:00:06.790    14M / 19M   INFO    General                 (extenders_logic.cpp       : 187)   Creating Scaffolding 2015 extender for lib #1
  0:00:06.790    14M / 19M   INFO    General                 (extenders_logic.cpp       : 191)   Paired unclustered indices not empty, using them
  0:00:06.791    14M / 19M   INFO   ExtensionChooser2015     (extension_chooser2015.hpp :  51)   ExtensionChooser2015 created
  0:00:06.791    14M / 19M   INFO    General                 (extenders_logic.cpp       : 187)   Creating Scaffolding 2015 extender for lib #1
  0:00:06.791    14M / 19M   INFO    General                 (extenders_logic.cpp       : 191)   Paired unclustered indices not empty, using them
  0:00:06.792    14M / 19M   INFO   ExtensionChooser2015     (extension_chooser2015.hpp :  51)   ExtensionChooser2015 created
  0:00:06.792    14M / 19M   INFO    General                 (extenders_logic.cpp       : 187)   Creating Scaffolding 2015 extender for lib #1
  0:00:06.792    14M / 19M   INFO    General                 (extenders_logic.cpp       : 191)   Paired unclustered indices not empty, using them
  0:00:06.792    14M / 19M   INFO   ExtensionChooser2015     (extension_chooser2015.hpp :  51)   ExtensionChooser2015 created
  0:00:06.792    14M / 19M   INFO    General                 (extenders_logic.cpp       : 187)   Creating Scaffolding 2015 extender for lib #1
  0:00:06.793    14M / 19M   INFO    General                 (extenders_logic.cpp       : 191)   Paired unclustered indices not empty, using them
  0:00:06.793    14M / 19M   INFO   ExtensionChooser2015     (extension_chooser2015.hpp :  51)   ExtensionChooser2015 created
  0:00:06.793    14M / 19M   INFO    General                 (extenders_logic.cpp       : 187)   Creating Scaffolding 2015 extender for lib #1
  0:00:06.793    14M / 19M   INFO    General                 (extenders_logic.cpp       : 191)   Paired unclustered indices not empty, using them
  0:00:06.794    14M / 19M   INFO   ExtensionChooser2015     (extension_chooser2015.hpp :  51)   ExtensionChooser2015 created
  0:00:06.794    14M / 19M   INFO    General                 (extenders_logic.cpp       : 187)   Creating Scaffolding 2015 extender for lib #1
  0:00:06.794    14M / 19M   INFO    General                 (extenders_logic.cpp       : 191)   Paired unclustered indices not empty, using them
  0:00:06.794    14M / 19M   INFO   ExtensionChooser2015     (extension_chooser2015.hpp :  51)   ExtensionChooser2015 created
  0:00:06.795    14M / 19M   INFO    General                 (launcher.cpp              : 432)   Total number of extenders is 10
  0:00:06.796    14M / 19M   INFO    General                 (launcher.cpp              : 244)   Finalizing paths
  0:00:06.796    14M / 19M   INFO    General                 (launcher.cpp              : 246)   Deduplicating paths
  0:00:06.796    14M / 19M   INFO    General                 (launcher.cpp              : 250)   Paths deduplicated
  0:00:06.796    14M / 19M   INFO   PEResolver               (pe_resolver.hpp           : 295)   Removing overlaps
  0:00:06.797    14M / 19M   INFO   PEResolver               (pe_resolver.hpp           : 298)   Sorting paths
  0:00:06.797    14M / 19M   INFO   PEResolver               (pe_resolver.hpp           : 305)   Marking overlaps
  0:00:06.797    14M / 19M   INFO   OverlapRemover           (pe_resolver.hpp           : 130)   Marking start/end overlaps
  0:00:06.797    14M / 19M   INFO   OverlapRemover           (pe_resolver.hpp           : 133)   Marking remaining overlaps
  0:00:06.797    14M / 19M   INFO   PEResolver               (pe_resolver.hpp           : 308)   Splitting paths
  0:00:06.798    14M / 19M   INFO   PEResolver               (pe_resolver.hpp           : 313)   Deduplicating paths
  0:00:06.798    14M / 19M   INFO   PEResolver               (pe_resolver.hpp           : 315)   Overlaps removed
  0:00:06.798    14M / 19M   INFO    General                 (launcher.cpp              : 267)   Paths finalized
  0:00:06.798    14M / 19M   INFO    General                 (launcher.cpp              : 439)   Closing gaps in paths
  0:00:06.799    14M / 19M   INFO    General                 (launcher.cpp              : 467)   Gap closing completed
  0:00:06.799    14M / 19M   INFO    General                 (launcher.cpp              : 296)   Traversing tandem repeats
  0:00:06.799    14M / 19M   INFO    General                 (launcher.cpp              : 306)   Traversed 0 loops
  0:00:06.799    14M / 19M   INFO    General                 (launcher.cpp              : 244)   Finalizing paths
  0:00:06.800    14M / 19M   INFO    General                 (launcher.cpp              : 246)   Deduplicating paths
  0:00:06.800    14M / 19M   INFO    General                 (launcher.cpp              : 250)   Paths deduplicated
  0:00:06.800    14M / 19M   INFO   PEResolver               (pe_resolver.hpp           : 295)   Removing overlaps
  0:00:06.800    14M / 19M   INFO   PEResolver               (pe_resolver.hpp           : 298)   Sorting paths
  0:00:06.800    14M / 19M   INFO   PEResolver               (pe_resolver.hpp           : 305)   Marking overlaps
  0:00:06.800    14M / 19M   INFO   OverlapRemover           (pe_resolver.hpp           : 130)   Marking start/end overlaps
  0:00:06.801    14M / 19M   INFO   OverlapRemover           (pe_resolver.hpp           : 133)   Marking remaining overlaps
  0:00:06.801    14M / 19M   INFO   PEResolver               (pe_resolver.hpp           : 308)   Splitting paths
  0:00:06.801    14M / 19M   INFO   PEResolver               (pe_resolver.hpp           : 313)   Deduplicating paths
  0:00:06.801    14M / 19M   INFO   PEResolver               (pe_resolver.hpp           : 315)   Overlaps removed
  0:00:06.801    14M / 19M   INFO    General                 (launcher.cpp              : 267)   Paths finalized
  0:00:06.802    14M / 19M   INFO    General                 (launcher.cpp              : 596)   ExSPAnder repeat resolving tool finished
  0:00:06.802    14M / 19M   INFO   StageManager             (stage.cpp                 : 166)   STAGE == Contig Output
  0:00:06.802    14M / 19M   INFO    General                 (contig_output.hpp         :  21)   Outputting contigs to /Users/cmdb/qbb2020-answers/qb1-week1/asm/K31/before_rr.fasta
  0:00:06.807    14M / 19M   INFO    General                 (contig_output_stage.cpp   : 146)   Writing GFA graph to /Users/cmdb/qbb2020-answers/qb1-week1/asm/K31/assembly_graph_with_scaffolds.gfa
  0:00:06.811    14M / 19M   INFO    General                 (contig_output_stage.cpp   : 160)   Outputting FastG graph to /Users/cmdb/qbb2020-answers/qb1-week1/asm/K31/assembly_graph.fastg
  0:00:06.820    14M / 19M   INFO    General                 (contig_output_stage.cpp   : 190)   Breaking scaffolds
  0:00:06.824    14M / 19M   INFO    General                 (contig_output_stage.cpp   :  95)   Outputting contigs to /Users/cmdb/qbb2020-answers/qb1-week1/asm/K31/final_contigs.fasta
  0:00:06.826    14M / 20M   INFO    General                 (contig_output_stage.cpp   : 101)   Outputting FastG paths to /Users/cmdb/qbb2020-answers/qb1-week1/asm/K31/final_contigs.paths
  0:00:06.831    14M / 20M   INFO    General                 (contig_output_stage.cpp   :  95)   Outputting contigs to /Users/cmdb/qbb2020-answers/qb1-week1/asm/K31/scaffolds.fasta
  0:00:06.833    14M / 20M   INFO    General                 (contig_output_stage.cpp   : 101)   Outputting FastG paths to /Users/cmdb/qbb2020-answers/qb1-week1/asm/K31/scaffolds.paths
  0:00:06.833    14M / 20M   INFO    General                 (contig_output_stage.cpp   : 108)   Populating GFA with scaffold paths
  0:00:06.836    14M / 20M   INFO    General                 (pipeline.cpp              : 259)   SPAdes finished
  0:00:06.839    14M / 20M   INFO    General                 (main.cpp                  : 107)   Assembling time: 0 hours 0 minutes 6 seconds

===== K31 finished. 


===== Copy files started. 


== Running: /Users/cmdb/miniconda3/bin/python /Users/cmdb/miniconda3/share/spades/spades_pipeline/scripts/copy_files.py /Users/cmdb/qbb2020-answers/qb1-week1/asm/K31/before_rr.fasta /Users/cmdb/qbb2020-answers/qb1-week1/asm/before_rr.fasta /Users/cmdb/qbb2020-answers/qb1-week1/asm/K31/assembly_graph_after_simplification.gfa /Users/cmdb/qbb2020-answers/qb1-week1/asm/assembly_graph_after_simplification.gfa /Users/cmdb/qbb2020-answers/qb1-week1/asm/K31/final_contigs.fasta /Users/cmdb/qbb2020-answers/qb1-week1/asm/contigs.fasta /Users/cmdb/qbb2020-answers/qb1-week1/asm/K31/first_pe_contigs.fasta /Users/cmdb/qbb2020-answers/qb1-week1/asm/first_pe_contigs.fasta /Users/cmdb/qbb2020-answers/qb1-week1/asm/K31/strain_graph.gfa /Users/cmdb/qbb2020-answers/qb1-week1/asm/strain_graph.gfa /Users/cmdb/qbb2020-answers/qb1-week1/asm/K31/scaffolds.fasta /Users/cmdb/qbb2020-answers/qb1-week1/asm/scaffolds.fasta /Users/cmdb/qbb2020-answers/qb1-week1/asm/K31/scaffolds.paths /Users/cmdb/qbb2020-answers/qb1-week1/asm/scaffolds.paths /Users/cmdb/qbb2020-answers/qb1-week1/asm/K31/assembly_graph_with_scaffolds.gfa /Users/cmdb/qbb2020-answers/qb1-week1/asm/assembly_graph_with_scaffolds.gfa /Users/cmdb/qbb2020-answers/qb1-week1/asm/K31/assembly_graph.fastg /Users/cmdb/qbb2020-answers/qb1-week1/asm/assembly_graph.fastg /Users/cmdb/qbb2020-answers/qb1-week1/asm/K31/final_contigs.paths /Users/cmdb/qbb2020-answers/qb1-week1/asm/contigs.paths


===== Copy files finished. 


===== Assembling finished. 


===== Breaking scaffolds started. 


== Running: /Users/cmdb/miniconda3/bin/python /Users/cmdb/miniconda3/share/spades/spades_pipeline/scripts/breaking_scaffolds_script.py --result_scaffolds_filename /Users/cmdb/qbb2020-answers/qb1-week1/asm/scaffolds.fasta --misc_dir /Users/cmdb/qbb2020-answers/qb1-week1/asm/misc --threshold_for_breaking_scaffolds 3


===== Breaking scaffolds finished. 


===== Terminate started. 


===== Terminate finished. 

 * Corrected reads are in /Users/cmdb/qbb2020-answers/qb1-week1/asm/corrected/
 * Assembled contigs are in /Users/cmdb/qbb2020-answers/qb1-week1/asm/contigs.fasta
 * Assembled scaffolds are in /Users/cmdb/qbb2020-answers/qb1-week1/asm/scaffolds.fasta
 * Paths in the assembly graph corresponding to the contigs are in /Users/cmdb/qbb2020-answers/qb1-week1/asm/contigs.paths
 * Paths in the assembly graph corresponding to the scaffolds are in /Users/cmdb/qbb2020-answers/qb1-week1/asm/scaffolds.paths
 * Assembly graph is in /Users/cmdb/qbb2020-answers/qb1-week1/asm/assembly_graph.fastg
 * Assembly graph in GFA format is in /Users/cmdb/qbb2020-answers/qb1-week1/asm/assembly_graph_with_scaffolds.gfa

======= SPAdes pipeline finished.

SPAdes log can be found here: /Users/cmdb/qbb2020-answers/qb1-week1/asm/spades.log

Thank you for using SPAdes!
